<?xml version="1.0" encoding="UTF-8"?>
<!-- Generated by org.testng.reporters.JUnitXMLReporter -->
<testsuite ignored="0" hostname="PINENOIL12386" failures="0" tests="24" name="Default test" time="1095.092" errors="0" timestamp="2020-09-30T17:59:19 IST">
  <testcase classname="pine.test.myMain.TestOne" name="LoginPageTest" time="14.328"/>
  <testcase classname="pine.test.myMain.TestOne" name="TestMerchantCreation" time="42.044"/>
  <testcase classname="pine.test.myMain.TestOne" name="MerchantApprovalTest" time="59.465"/>
  <testcase classname="pine.test.myMain.TestOne" name="ToVerifyStoreCreation" time="57.032"/>
  <testcase classname="pine.test.myMain.TestOne" name="ToVerifyStoreApproval" time="64.384"/>
  <testcase classname="pine.test.myMain.TestOne" name="TerminalCreationTest" time="88.098"/>
  <testcase classname="pine.test.myMain.TestOne" name="TerminalCreationTestPAX" time="83.642"/>
  <testcase classname="pine.test.myMain.TestOne" name="TerminalCreationTestVerifone" time="81.021"/>
  <testcase classname="pine.test.myMain.TestOne" name="TIDCreationdefault" time="44.428"/>
  <testcase classname="pine.test.myMain.TestOne" name="TIDCreationLR" time="40.555"/>
  <testcase classname="pine.test.myMain.TestOne" name="TIDCreationLRwithNormal" time="41.475"/>
  <testcase classname="pine.test.myMain.TestOne" name="TIDCreationBANKEMI" time="39.395"/>
  <testcase classname="pine.test.myMain.TestOne" name="TIDCreationICICLRNM" time="40.323"/>
  <testcase classname="pine.test.myMain.TestOne" name="BlockTid" time="25.038"/>
  <testcase classname="pine.test.myMain.TestOne" name="PVMUploadTest" time="31.169"/>
  <testcase classname="pine.test.myMain.TestOne" name="PVMAssociationTest" time="34.277"/>
  <testcase classname="pine.test.myMain.TestOne" name="RuleUploadTest" time="29.651"/>
  <testcase classname="pine.test.myMain.TestOne" name="RuleAssociationTest" time="31.99"/>
  <testcase classname="pine.test.myMain.TestOne" name="UserManagement" time="16.387"/>
  <testcase classname="pine.test.myMain.TestOne" name="BinUploadTest" time="29.889"/>
  <testcase classname="pine.test.myMain.TestOne" name="BinAssociationTest" time="33.307"/>
  <testcase classname="pine.test.myMain.TestOne" name="POSupdate" time="94.709"/>
  <testcase classname="pine.test.myMain.TestOne" name="BankTIDRegisteration" time="40.117"/>
  <testcase classname="pine.test.myMain.TestOne" name="SubSystemOnStore" time="14.348"/>
</testsuite> <!-- Default test -->
