<?xml version="1.0" encoding="UTF-8"?>
<!-- Generated by org.testng.reporters.JUnitXMLReporter -->
<testsuite hostname="PINENOIL12017" ignored="0" name="MCUITest" tests="1" failures="0" timestamp="01 Oct 2020 10:14:00 GMT" time="0.684" errors="0">
  <testcase name="@BeforeTest setUp" time="0.527" classname="PLAutomation.MCUI_Automation.AppTest">
    <failure type="java.lang.IllegalStateException" message="The path to the driver executable must be set by the webdriver.chrome.driver system property; for more information, see https://github.com/SeleniumHQ/selenium/wiki/ChromeDriver. The latest version can be downloaded from http://chromedriver.storage.googleapis.com/index.html">
      <![CDATA[java.lang.IllegalStateException: The path to the driver executable must be set by the webdriver.chrome.driver system property; for more information, see https://github.com/SeleniumHQ/selenium/wiki/ChromeDriver. The latest version can be downloaded from http://chromedriver.storage.googleapis.com/index.html
at com.google.common.base.Preconditions.checkState(Preconditions.java:754)
at org.openqa.selenium.remote.service.DriverService.findExecutable(DriverService.java:124)
at org.openqa.selenium.chrome.ChromeDriverService.access$000(ChromeDriverService.java:32)
at org.openqa.selenium.chrome.ChromeDriverService$Builder.findDefaultExecutable(ChromeDriverService.java:137)
at org.openqa.selenium.remote.service.DriverService$Builder.build(DriverService.java:329)
at org.openqa.selenium.chrome.ChromeDriverService.createDefaultService(ChromeDriverService.java:88)
at org.openqa.selenium.chrome.ChromeDriver.<init>(ChromeDriver.java:123)
at PLAutomation.MCUI_Automation.AppTest.setUp(AppTest.java:26)
... Removed 24 stack frames]]>
    </failure>
  </testcase> <!-- @BeforeTest setUp -->
  <testcase name="testApp on MCUITest(PLAutomation.MCUI_Automation.AppTest)" time="0.0" classname="PLAutomation.MCUI_Automation.AppTest">
    <skipped/>
  </testcase> <!-- testApp on MCUITest(PLAutomation.MCUI_Automation.AppTest) -->
</testsuite> <!-- MCUITest -->
