<?xml version="1.0" encoding="UTF-8"?>
<testng-results skipped="0" failed="0" ignored="0" total="1" passed="1">
  <reporter-output>
  </reporter-output>
  <suite name="Default suite" duration-ms="59874" started-at="2020-10-14T05:38:58Z" finished-at="2020-10-14T05:39:58Z">
    <groups>
    </groups>
    <test name="Default test" duration-ms="59874" started-at="2020-10-14T05:38:58Z" finished-at="2020-10-14T05:39:58Z">
      <class name="PLAutomation.MCUI_Automation.AppTest">
        <test-method status="PASS" signature="setUp()[pri:0, instance:Default test(PLAutomation.MCUI_Automation.AppTest)]" name="setUp" is-config="true" duration-ms="40475" started-at="2020-10-14T05:38:58Z" finished-at="2020-10-14T05:39:38Z">
          <reporter-output>
          </reporter-output>
        </test-method> <!-- setUp -->
        <test-method status="PASS" signature="LoginPageTest(java.lang.String, java.lang.String)[pri:0, instance:Default test(PLAutomation.MCUI_Automation.AppTest)]" name="LoginPageTest" duration-ms="13690" started-at="2020-10-14T05:39:44Z" data-provider="getExcelData" finished-at="2020-10-14T05:39:58Z">
          <params>
            <param index="0">
              <value>
                <![CDATA[ayushi_test]]>
              </value>
            </param>
            <param index="1">
              <value>
                <![CDATA[Password@222]]>
              </value>
            </param>
          </params>
          <reporter-output>
          </reporter-output>
        </test-method> <!-- LoginPageTest -->
      </class> <!-- PLAutomation.MCUI_Automation.AppTest -->
    </test> <!-- Default test -->
  </suite> <!-- Default suite -->
</testng-results>
